{"name": "test_register_new_user_and_then_log_in_with_the_newly_created_user", "status": "failed", "statusDetails": {"message": "AssertionError: soft assertion failures:\n1. Expected <500> to be equal to <200>, but was not.", "trace": "fixturefunc = <function register_new_user at 0x1081deca0>, request = <FixtureRequest for <Function test_register_new_user_and_then_log_in_with_the_newly_created_user>>, kwargs = {'context': {}}\n\n    def call_fixture_func(\n        fixturefunc: \"_FixtureFunc[FixtureValue]\", request: FixtureRequest, kwargs\n    ) -> FixtureValue:\n        if is_generator(fixturefunc):\n            fixturefunc = cast(\n                Callable[..., Generator[FixtureValue, None, None]], fixturefunc\n            )\n            generator = fixturefunc(**kwargs)\n            try:\n                fixture_result = next(generator)\n            except StopIteration:\n                raise ValueError(f\"{request.fixturename} did not yield a value\") from None\n            finalizer = functools.partial(_teardown_yield_fixture, fixturefunc, generator)\n            request.addfinalizer(finalizer)\n        else:\n            fixturefunc = cast(Callable[..., FixtureValue], fixturefunc)\n>           fixture_result = fixturefunc(**kwargs)\n\n/opt/anaconda3/lib/python3.9/site-packages/_pytest/fixtures.py:890: \n_ _ _ _ _ _ _ _ _ _ _ _ _ _ _ _ _ _ _ _ _ _ _ _ _ _ _ _ _ _ _ _ _ _ _ _ _ _ _ _ _ _ _ _ _ _ _ _ _ _ _ _ _ _ _ _ _ _ _ _ _ _ _ _ _ _ _ _ _ _ _ _ _ _ _ _ _ _ _ _ _ _ _ _ _ _ _ _ _ _ _ _ _ _ _ _ _ _ _ _ _ _ _ _ _ _ _ _ _ _ _ _ _ _ _ _ _ _ _ _ _ _ _ _ _ _ _ _ _ _ _ _ _ _ _ _ _ _ _ _ _ _ _ _ _ _ _ _ _ _ _ _ _ _ _ _ \ntest_user_login.py:46: in register_new_user\n    newRegisteredUserData = Player().registerNewUser()\n../api_resources/api_steps/player_steps.py:46: in registerNewUser\n    checkUser()\n../api_resources/api_steps/player_steps.py:37: in checkUser\n    BaseAssertions().assertEquals(sms_verification.status_code, 200)\n_ _ _ _ _ _ _ _ _ _ _ _ _ _ _ _ _ _ _ _ _ _ _ _ _ _ _ _ _ _ _ _ _ _ _ _ _ _ _ _ _ _ _ _ _ _ _ _ _ _ _ _ _ _ _ _ _ _ _ _ _ _ _ _ _ _ _ _ _ _ _ _ _ _ _ _ _ _ _ _ _ _ _ _ _ _ _ _ _ _ _ _ _ _ _ _ _ _ _ _ _ _ _ _ _ _ _ _ _ _ _ _ _ _ _ _ _ _ _ _ _ _ _ _ _ _ _ _ _ _ _ _ _ _ _ _ _ _ _ _ _ _ _ _ _ _ _ _ _ _ _ _ _ _ _ _ \n\nself = <api_core.microservices.apibase.assertions.userAssertions.BaseAssertions object at 0x108329730>, actual = 500, expected = 200\n\n    @step(\"Assert Message equals.\")\n    def assertEquals(self, actual, expected):\n        with soft_assertions():\n>           assert_that(actual).is_equal_to(expected)\nE           AssertionError: soft assertion failures:\nE           1. Expected <500> to be equal to <200>, but was not.\n\n../api_core/microservices/apibase/assertions/userAssertions.py:9: AssertionError"}, "description": "/Users/razvan/Work/qa_qreen_web/web_tests/features/login.feature: Register new user and then log in with the newly created user", "steps": [{"name": "User is not logged in.", "status": "passed", "steps": [{"name": "Checking if user is not logged in.", "status": "passed", "steps": [{"name": "Assert Message equals.", "status": "passed", "parameters": [{"name": "actual", "value": "True"}, {"name": "expected", "value": "True"}], "start": 1674520475738, "stop": 1674520475739}], "start": 1674520474264, "stop": 1674520475739}], "parameters": [{"name": "pages", "value": "{'about_page': <pages.about_page.AboutPage object at 0x1082fe580>, 'login_page': <pages.login_page.LoginPage object at 0x1082fe670>, 'registration_page': <pages.registration_page.RegistrationPage object at 0x1082fe730>}"}], "start": 1674520474264, "stop": 1674520475739}, {"name": "I create a new user.", "status": "failed", "statusDetails": {"message": "AssertionError: soft assertion failures:\n1. Expected <500> to be equal to <200>, but was not.\n", "trace": "  File \"/opt/anaconda3/lib/python3.9/site-packages/allure_commons/_allure.py\", line 180, in impl\n    return func(*a, **kw)\n  File \"/Users/razvan/Work/qa_qreen_web/web_tests/test_user_login.py\", line 46, in register_new_user\n    newRegisteredUserData = Player().registerNewUser()\n  File \"/opt/anaconda3/lib/python3.9/site-packages/allure_commons/_allure.py\", line 180, in impl\n    return func(*a, **kw)\n  File \"/Users/razvan/Work/qa_qreen_web/api_resources/api_steps/player_steps.py\", line 46, in registerNewUser\n    checkUser()\n  File \"/opt/anaconda3/lib/python3.9/site-packages/allure_commons/_allure.py\", line 180, in impl\n    return func(*a, **kw)\n  File \"/Users/razvan/Work/qa_qreen_web/api_resources/api_steps/player_steps.py\", line 37, in checkUser\n    BaseAssertions().assertEquals(sms_verification.status_code, 200)\n  File \"/opt/anaconda3/lib/python3.9/site-packages/allure_commons/_allure.py\", line 180, in impl\n    return func(*a, **kw)\n  File \"/Users/razvan/Work/qa_qreen_web/api_core/microservices/apibase/assertions/userAssertions.py\", line 9, in assertEquals\n    assert_that(actual).is_equal_to(expected)\n  File \"/opt/anaconda3/lib/python3.9/contextlib.py\", line 126, in __exit__\n    next(self.gen)\n  File \"/opt/anaconda3/lib/python3.9/site-packages/assertpy/assertpy.py\", line 120, in soft_assertions\n    raise AssertionError(out)\n"}, "steps": [{"name": "Generating used date all data is random except the arguments that are passed", "status": "passed", "parameters": [{"name": "userName", "value": "None"}, {"name": "firstName", "value": "None"}, {"name": "lastName", "value": "None"}, {"name": "email", "value": "None"}, {"name": "password", "value": "None"}, {"name": "phone", "value": "None"}, {"name": "dateOfBirth", "value": "None"}, {"name": "street", "value": "None"}, {"name": "postCode", "value": "None"}, {"name": "city", "value": "None"}, {"name": "countryCode", "value": "None"}], "start": 1674520475739, "stop": 1674520475753}, {"name": "Api calls to register a new user.", "status": "failed", "statusDetails": {"message": "AssertionError: soft assertion failures:\n1. Expected <500> to be equal to <200>, but was not.\n", "trace": "  File \"/opt/anaconda3/lib/python3.9/site-packages/allure_commons/_allure.py\", line 180, in impl\n    return func(*a, **kw)\n  File \"/Users/razvan/Work/qa_qreen_web/api_resources/api_steps/player_steps.py\", line 46, in registerNewUser\n    checkUser()\n  File \"/opt/anaconda3/lib/python3.9/site-packages/allure_commons/_allure.py\", line 180, in impl\n    return func(*a, **kw)\n  File \"/Users/razvan/Work/qa_qreen_web/api_resources/api_steps/player_steps.py\", line 37, in checkUser\n    BaseAssertions().assertEquals(sms_verification.status_code, 200)\n  File \"/opt/anaconda3/lib/python3.9/site-packages/allure_commons/_allure.py\", line 180, in impl\n    return func(*a, **kw)\n  File \"/Users/razvan/Work/qa_qreen_web/api_core/microservices/apibase/assertions/userAssertions.py\", line 9, in assertEquals\n    assert_that(actual).is_equal_to(expected)\n  File \"/opt/anaconda3/lib/python3.9/contextlib.py\", line 126, in __exit__\n    next(self.gen)\n  File \"/opt/anaconda3/lib/python3.9/site-packages/assertpy/assertpy.py\", line 120, in soft_assertions\n    raise AssertionError(out)\n"}, "steps": [{"name": "Create payload for new user registration step one.", "status": "passed", "parameters": [{"name": "firstName", "value": "None"}, {"name": "lastName", "value": "None"}, {"name": "email", "value": "None"}, {"name": "mobilePhone", "value": "None"}, {"name": "password", "value": "None"}], "start": 1674520475763, "stop": 1674520475763}, {"name": "First step register new user.", "status": "passed", "steps": [{"name": "POST request to: https://zsz7drf3re.execute-api.eu-west-1.amazonaws.com/dev/api/v1/player/registration", "status": "passed", "start": 1674520475764, "stop": 1674520476811}], "parameters": [{"name": "payload", "value": "'{\"firstName\": \"AUTOTESTKatherine\", \"lastName\": \"Collier\", \"email\": \"qarrbet+63380@gmail.com\", \"mobilePhone\": \"+3588347180\", \"password\": \"QAPassword1!\"}'"}], "start": 1674520475763, "stop": 1674520476811}, {"name": "Create payload for new user registration step two.", "status": "passed", "parameters": [{"name": "dateOfBirth", "value": "None"}, {"name": "postCode", "value": "None"}, {"name": "city", "value": "None"}, {"name": "street", "value": "None"}, {"name": "playerId", "value": "29659"}], "start": 1674520476811, "stop": 1674520476811}, {"name": "Second step register new user.", "status": "passed", "steps": [{"name": "PUT request to: https://zsz7drf3re.execute-api.eu-west-1.amazonaws.com/dev/api/v1/player/registration", "status": "passed", "start": 1674520476812, "stop": 1674520477071}], "parameters": [{"name": "payload", "value": "'{\"playerId\": 29659, \"currencyCode\": \"EUR\", \"gender\": \"m\", \"street\": \"Kristen Lane\", \"city\": \"Lake Andrea\", \"marketingOptIn\": true, \"cookiePolicyAccepted\": true, \"allConditions\": true, \"mediaTag\": null, \"provinceCode\": null, \"termsAndConditionsAcceptedVersion\": 5, \"dateOfBirth\": \"1986-01-08\", \"postalCode\": \"55278\", \"countryCode\": \"FI\", \"termsAndConditionsAccepted\": true, \"languageCode\": \"en\"}'"}], "start": 1674520476811, "stop": 1674520477071}, {"name": "Create sms request payload", "status": "passed", "parameters": [{"name": "playerId", "value": "29659"}], "start": 1674520477071, "stop": 1674520477071}, {"name": "Request SMS", "status": "passed", "steps": [{"name": "POST request to: https://zsz7drf3re.execute-api.eu-west-1.amazonaws.com/dev/api/v1/player/registration/sms_request", "status": "passed", "start": 1674520477072, "stop": 1674520477224}], "parameters": [{"name": "payload", "value": "'{\"playerId\": 29659}'"}], "start": 1674520477071, "stop": 1674520477224}, {"name": "Send SMS verification payload", "status": "passed", "parameters": [{"name": "playerId", "value": "29659"}], "start": 1674520477224, "stop": 1674520477224}, {"name": "Send SMS confirmation", "status": "passed", "steps": [{"name": "POST request to: https://zsz7drf3re.execute-api.eu-west-1.amazonaws.com/dev/api/v1/player/registration/sms_verification", "status": "passed", "start": 1674520477225, "stop": 1674520477454}], "parameters": [{"name": "payload", "value": "'{\"playerId\": 29659, \"password\": \"QAPassword1!\", \"code\": \"1111\"}'"}], "start": 1674520477224, "stop": 1674520477454}, {"name": "Verify user data has been created.", "status": "failed", "statusDetails": {"message": "AssertionError: soft assertion failures:\n1. Expected <500> to be equal to <200>, but was not.\n", "trace": "  File \"/opt/anaconda3/lib/python3.9/site-packages/allure_commons/_allure.py\", line 180, in impl\n    return func(*a, **kw)\n  File \"/Users/razvan/Work/qa_qreen_web/api_resources/api_steps/player_steps.py\", line 37, in checkUser\n    BaseAssertions().assertEquals(sms_verification.status_code, 200)\n  File \"/opt/anaconda3/lib/python3.9/site-packages/allure_commons/_allure.py\", line 180, in impl\n    return func(*a, **kw)\n  File \"/Users/razvan/Work/qa_qreen_web/api_core/microservices/apibase/assertions/userAssertions.py\", line 9, in assertEquals\n    assert_that(actual).is_equal_to(expected)\n  File \"/opt/anaconda3/lib/python3.9/contextlib.py\", line 126, in __exit__\n    next(self.gen)\n  File \"/opt/anaconda3/lib/python3.9/site-packages/assertpy/assertpy.py\", line 120, in soft_assertions\n    raise AssertionError(out)\n"}, "steps": [{"name": "Assert Message equals.", "status": "passed", "parameters": [{"name": "actual", "value": "200"}, {"name": "expected", "value": "200"}], "start": 1674520477454, "stop": 1674520477454}, {"name": "Assert Message equals.", "status": "failed", "statusDetails": {"message": "AssertionError: soft assertion failures:\n1. Expected <500> to be equal to <200>, but was not.\n", "trace": "  File \"/opt/anaconda3/lib/python3.9/site-packages/allure_commons/_allure.py\", line 180, in impl\n    return func(*a, **kw)\n  File \"/Users/razvan/Work/qa_qreen_web/api_core/microservices/apibase/assertions/userAssertions.py\", line 9, in assertEquals\n    assert_that(actual).is_equal_to(expected)\n  File \"/opt/anaconda3/lib/python3.9/contextlib.py\", line 126, in __exit__\n    next(self.gen)\n  File \"/opt/anaconda3/lib/python3.9/site-packages/assertpy/assertpy.py\", line 120, in soft_assertions\n    raise AssertionError(out)\n"}, "parameters": [{"name": "actual", "value": "500"}, {"name": "expected", "value": "200"}], "start": 1674520477454, "stop": 1674520477454}], "start": 1674520477454, "stop": 1674520477455}], "start": 1674520475763, "stop": 1674520477455}], "parameters": [{"name": "context", "value": "{}"}], "start": 1674520475739, "stop": 1674520477455}], "attachments": [{"name": "log", "source": "8751cbb6-d6a9-4796-a0e7-b3127818b92d-attachment.txt", "type": "text/plain"}, {"name": "stdout", "source": "a2267a05-b6cc-46fd-8cd7-3c8469c2355f-attachment.txt", "type": "text/plain"}], "start": 1674520474263, "stop": 1674520477456, "uuid": "a7ed8485-b92e-4606-be01-65e8b8dcf83f", "historyId": "98d71767ca49e70a5c23dc7c403460b6", "testCaseId": "790bb64e52e703891fb80becf4a47d21", "fullName": "test_user_login#test_register_new_user_and_then_log_in_with_the_newly_created_user", "labels": [{"name": "tag", "value": "@pytest.mark.usefixtures"}, {"name": "suite", "value": "test_user_login"}, {"name": "host", "value": "Razvans-MacBook-Pro.local"}, {"name": "thread", "value": "34178-MainThread"}, {"name": "framework", "value": "pytest"}, {"name": "language", "value": "cpython3"}, {"name": "package", "value": "test_user_login"}]}